make.exe all --print-data-base --no-builtin-variables --no-builtin-rules --question
# GNU Make 4.3
# Built for x86_64-pc-msys
# Copyright (C) 1988-2020 Free Software Foundation, Inc.
# License GPLv3+: GNU GPL version 3 or later <http://gnu.org/licenses/gpl.html>
# This is free software: you are free to change and redistribute it.
# There is NO WARRANTY, to the extent permitted by law.
 

# Make data base, printed on Thu Aug 26 12:06:24 2021

# Variables

# environment
FPS_BROWSER_APP_PROFILE_STRING = Internet Explorer
# environment
SYSTEMDRIVE = C:
# environment
JAVA_HOME = D:\Programming\JavaVersions\jdk-15.0.2\bin
# environment
LC_ALL = C
# environment
OCULUSBASE = D:\Oculus\
# environment
USERPROFILE = C:\Users\James
# environment
VBOX_MSI_INSTALL_PATH = C:\Program Files\Oracle\VirtualBox\
# environment
LOCALAPPDATA = C:\Users\James\AppData\Local
# environment
VSCODE_IPC_HOOK_EXTHOST = \\.\pipe\vscode-ipc-c30762d3-5313-40d9-b64d-3ebac0c56afa-sock
# environment
VSCODE_CWD = C:\Users\James\AppData\Local\Programs\Microsoft VS Code
# environment
CHOCOLATEYINSTALL = C:\ProgramData\chocolatey
# environment
SYSTEMROOT = C:\WINDOWS
# environment
PROCESSOR_LEVEL = 6
# environment
PSMODULEPATH = C:\Program Files\WindowsPowerShell\Modules;C:\WINDOWS\system32\WindowsPowerShell\v1.0\Modules
# default
MAKE_COMMAND := make
# automatic
@D = $(patsubst %/,%,$(dir $@))
# environment
CHROME_CRASHPAD_PIPE_NAME = \\.\pipe\crashpad_6840_GHZVDIABPIMFIHWC
# environment
VSCODE_BROWSER_CODE_LOADING = bypassHeatCheck
# environment
FPS_BROWSER_USER_PROFILE_STRING = Default
# environment
VSCODE_HANDLES_UNCAUGHT_ERRORS = true
# default
.VARIABLES := 
# automatic
%D = $(patsubst %/,%,$(dir $%))
# automatic
^D = $(patsubst %/,%,$(dir $^))
# environment
VSCODE_LOG_STACK = false
# automatic
%F = $(notdir $%)
# environment
VSCODE_CODE_CACHE_PATH = C:\Users\James\AppData\Roaming\Code\CachedData\3866c3553be8b268c8a7f8c0482c0c0177aa8bfa
# environment
LANG = C
# default
.LOADED := 
# environment
TMP = /c/Users/James/AppData/Local/Temp
# default
.INCLUDE_DIRS = /usr/include /usr/include
# makefile
MAKEFLAGS = pqrR
# environment
ONEDRIVE = C:\Users\James\OneDrive
# makefile
CURDIR := /d/program/0z
# environment
VSCODE_PIPE_LOGGING = true
# environment
APPLICATION_INSIGHTS_NO_DIAGNOSTIC_CHANNEL = true
# automatic
*D = $(patsubst %/,%,$(dir $*))
# environment
PROGRAMFILES = C:\Program Files
# environment
MFLAGS = -pqrR
# default
.SHELLFLAGS := -c
# environment
COMMONPROGRAMW6432 = C:\Program Files\Common Files
# automatic
+D = $(patsubst %/,%,$(dir $+))
# makefile (from 'makefile', line 1)
MAKEFILE_LIST := makefile
# automatic
@F = $(notdir $@)
# environment
VSCODE_VERBOSE_LOGGING = true
# environment
VSCODE_PID = 6840
# environment
CLION = D:\CLion\bin;
# automatic
?D = $(patsubst %/,%,$(dir $?))
# automatic
*F = $(notdir $*)
# automatic
<D = $(patsubst %/,%,$(dir $<))
# environment
VSCODE_NLS_CONFIG = {"locale":"en-us","availableLanguages":{},"_languagePackSupport":true}
# default
MAKE_HOST := x86_64-pc-msys
# environment
PROGRAMDATA = C:\ProgramData
# default
SHELL := /bin/sh
# environment
EXE4J_JAVA_HOME = D:\Programming\JavaVersions\jdk-15.0.2\bin
# environment
HOMEPATH = \Users\James
# default
MAKECMDGOALS := all
# environment
DRIVERDATA = C:\Windows\System32\Drivers\DriverData
# environment
COMSPEC = C:\WINDOWS\system32\cmd.exe
# environment
WINDIR = C:\WINDOWS
# environment
MAKELEVEL := 0
# default
MAKE = $(MAKE_COMMAND)
# environment
PATH = /c/Program Files/Common Files/Oracle/Java/javapath:/d/Software/miniconda3/condabin:/c/Program Files (x86)/Razer/ChromaBroadcast/bin:/c/Program Files/Razer/ChromaBroadcast/bin:/d/Oculus/Support/oculus-runtime:/c/Program Files (x86)/Razer Chroma SDK/bin:/c/Program Files/Razer Chroma SDK/bin:/c/Program Files/NVIDIA GPU Computing Toolkit/CUDA/v9.0/bin:/c/Program Files (x86)/NVIDIA Corporation/PhysX/Common:/c/Windows/system32:/c/Windows:/c/Windows/System32/Wbem:/c/Windows/System32/WindowsPowerShell/v1.0:/c/Windows/System32/OpenSSH:/c/Program Files/PuTTY:/d/Matlab/bin:/c/Program Files/dotnet:/c/Program Files/Microsoft SQL Server/130/Tools/Binn:/c/Program Files (x86)/GnuWin32/bin:/c/WINDOWS/system32:/c/WINDOWS:/d/Software/Python/Python38:/c/WINDOWS/System32/Wbem:/c/WINDOWS/System32/WindowsPowerShell/v1.0:/c/WINDOWS/System32/OpenSSH:/mingw64/bin:/usr/bin:/c/Users/James/AppData/Roaming/npm:/c/Users/James/Desktop/tools/apache-maven-3.6.0/bin:/c/Users/James/AppData/Local/Programs/Microsoft VS Code/bin:/d/Racket:/d/Programming/gvim82/vim/vim82:/clang64/bin:/c/Program Files/nodejs:/c/ProgramData/chocolatey/bin:/c/Users/James/AppData/Local/Programs/Python/Python37-32:/d/Programming/emcc/emsdk/upstream/emscripten:/d/Programming/PHP:/d/Programming/Maven/apache-maven-3.6.3/bin:/c/Program Files/Git/cmd:/d/Software/MikTex/miktex/bin/x64:/c/Program Files/NVIDIA GPU Computing Toolkit/CUDA/v10.1/include:/c/WINDOWS/system32:/c/WINDOWS:/c/WINDOWS/System32/Wbem:/c/WINDOWS/System32/WindowsPowerShell/v1.0:/c/WINDOWS/System32/OpenSSH:/d/Programming/APL/Dylog:/d/Software/Python/Python38:/d/Software/Python/Python38/Scripts:/d/Programming/JavaVersions/jdk-15.0.2/bin:/c/Users/James/Desktop/tools/apache-maven-3.6.0/bin:/c/Program Files (x86)/GnuWin32/bin:/c/Users/James/AppData/Local/Programs/Microsoft VS Code/bin:/d/Racket:/d/Programming/gvim82/vim/vim82:/clang64/bin:/c/Users/James/AppData/Roaming/npm:/d/Programming/PHP:/d/Programming/Maven/apache-maven-3.6.3/bin:/c/Users/James/AppData/Local/Microsoft/WindowsApps:/d/Programming/APL/Dylog:/c/Program Files/NVIDIA Corporation/NVSMI
# environment
COMPUTERNAME = JAMESOSWALDPC
# default
MAKEFILES := 
# automatic
^F = $(notdir $^)
# environment
PROMPT = $P$G
# environment
CHOCOLATEYLASTPATHUPDATE = 132302339108641502
# environment
LOGONSERVER = \\JAMESOSWALDPC
# environment
VSCODE_LOG_NATIVE = false
# environment
USERNAME = James
# environment
COMMONPROGRAMFILES = C:\Program Files\Common Files
# automatic
?F = $(notdir $?)
# environment
PROGRAMW6432 = C:\Program Files
# environment
PATHEXT = .COM;.EXE;.BAT;.CMD;.VBS;.VBE;.JS;.JSE;.WSF;.WSH;.MSC
# automatic
+F = $(notdir $+)
# environment
ORIGINAL_XDG_CURRENT_DESKTOP = undefined
# environment
USERDOMAIN = JAMESOSWALDPC
# 'override' directive
GNUMAKEFLAGS := 
# environment
OS = Windows_NT
# environment
MAGICK_HOME = C:\msys64\mingw64\lib\ImageMagick-7.0.9\modules-Q16HDRI\coders
 
# environment
__COMPAT_LAYER = DetectorsAppHealth
# makefile
.DEFAULT_GOAL := all
# default
MAKE_VERSION := 4.3
# environment
PROGRAMFILES(X86) = C:\Program Files (x86)
# environment
!D: = d:\program\0z
# environment
USERDOMAIN_ROAMINGPROFILE = JAMESOSWALDPC
# environment
NUMBER_OF_PROCESSORS = 6
# environment
PUBLIC = C:\Users\Public
# environment
APPDATA = C:\Users\James\AppData\Roaming
# environment
HOMEDRIVE = C:
# environment
PROCESSOR_ARCHITECTURE = AMD64
# environment
VSCODE_AMD_ENTRYPOINT = vs/workbench/services/extensions/node/extensionHostProcess
# environment
HOME = /home/James
# environment
COMMONPROGRAMFILES(X86) = C:\Program Files (x86)\Common Files
# environment
ELECTRON_RUN_AS_NODE = 1
# environment
TEMP = /c/Users/James/AppData/Local/Temp
# environment
VSCODE_IPC_HOOK = \\.\pipe\e7ca4567f3c0e5773e950c3eb9ce4dc1-1.59.1-main-sock
# environment
TERM = cygwin
# default
.RECIPEPREFIX := 
# automatic
<F = $(notdir $<)
# default
SUFFIXES := 
# environment
ALLUSERSPROFILE = C:\ProgramData
# environment
SESSIONNAME = Console
# default
.FEATURES := target-specific order-only second-expansion else-if shortest-stem undefine oneshell nocomment grouped-target extra-prereqs archives jobserver output-sync check-symlink load
# environment
PROCESSOR_REVISION = 9e0a
# environment
PROCESSOR_IDENTIFIER = Intel64 Family 6 Model 158 Stepping 10, GenuineIntel
# variable set hash-table stats:
# Load=106/1024=10%, Rehash=0, Collisions=12/136=9%

# Pattern-specific Variable Values

# No pattern-specific variable values.

# Directories

# . (device 583634660, inode 281474977834679): 7 files, no impossibilities.

# 7 files, no impossibilities in 1 directories.

# Implicit Rules

# No implicit rules.

# Files

# Not a target:
.DEFAULT:
#  Implicit rule search has not been done.
#  Modification time never checked.
#  File has not been updated.

all: main.o
#  Command line target.
#  Implicit rule search has not been done.
#  File does not exist.
#  File has been updated.
#  Needs to be updated (-q is set).
# variable set hash-table stats:
# Load=0/32=0%, Rehash=0, Collisions=0/3=0%
#  recipe to execute (from 'makefile', line 3):
	g++ -O3 -o ./bin/main.exe ./bin/main.o

# Not a target:
main.cpp:
#  Implicit rule search has been done.
#  Last modified 2021-08-26 11:59:54.7993573
#  File has been updated.
#  Successfully updated.

main.o: main.cpp
#  Implicit rule search has not been done.
#  Implicit/static pattern stem: ''
#  File does not exist.
#  File has been updated.
#  Needs to be updated (-q is set).
# automatic
# @ := main.o
# automatic
# * := 
# automatic
# < := main.cpp
# automatic
# + := main.cpp
# automatic
# % := 
# automatic
# ^ := main.cpp
# automatic
# ? := main.cpp
# automatic
# | := 
# variable set hash-table stats:
# Load=8/32=25%, Rehash=0, Collisions=1/11=9%
#  recipe to execute (from 'makefile', line 6):
	g++ -c -O3 -o ./bin/main.o main.cpp

# Not a target:
makefile:
#  Implicit rule search has been done.
#  Last modified 2021-08-26 11:28:26.3637536
#  File has been updated.
#  Successfully updated.

# Not a target:
.SUFFIXES:
#  Implicit rule search has not been done.
#  Modification time never checked.
#  File has not been updated.

# files hash-table stats:
# Load=6/1024=1%, Rehash=0, Collisions=0/21=0%
# VPATH Search Paths

# No 'vpath' search paths.

# No general ('VPATH' variable) search path.

# strcache buffers: 1 (0) / strings = 12 / storage = 86 B / avg = 7 B
# current buf: size = 8162 B / used = 86 B / count = 12 / avg = 7 B

# strcache performance: lookups = 22 / hit rate = 45%
# hash-table stats:
# Load=12/8192=0%, Rehash=0, Collisions=0/22=0%
# Finished Make data base on Thu Aug 26 12:06:24 2021

 
